INFO: [VRFC 10-2263] Analyzing Verilog file "C:/Users/user/Desktop/HW_SYN_LAB_I_2110363_Final_Project/final_project_320_240/final_project_320_240.gen/sources_1/ip/blk_mem_gen_0/sim/blk_mem_gen_0.v" into library xil_defaultlib
INFO: [VRFC 10-311] analyzing module blk_mem_gen_0
INFO: [VRFC 10-2263] Analyzing Verilog file "C:/Users/user/Desktop/HW_SYN_LAB_I_2110363_Final_Project/final_project_320_240/final_project_320_240.gen/sources_1/ip/clk_wiz_0/clk_wiz_0_clk_wiz.v" into library xil_defaultlib
INFO: [VRFC 10-311] analyzing module clk_wiz_0_clk_wiz
INFO: [VRFC 10-2263] Analyzing Verilog file "C:/Users/user/Desktop/HW_SYN_LAB_I_2110363_Final_Project/final_project_320_240/final_project_320_240.gen/sources_1/ip/clk_wiz_0/clk_wiz_0.v" into library xil_defaultlib
INFO: [VRFC 10-311] analyzing module clk_wiz_0
INFO: [VRFC 10-2263] Analyzing Verilog file "C:/Users/user/Desktop/HW_SYN_LAB_I_2110363_Final_Project/final_project_320_240/final_project_320_240.srcs/sources_1/imports/project_2/display_scaler.v" into library xil_defaultlib
INFO: [VRFC 10-311] analyzing module display_scaler
INFO: [VRFC 10-2263] Analyzing Verilog file "C:/Users/user/Desktop/HW_SYN_LAB_I_2110363_Final_Project/final_project_320_240/final_project_320_240.srcs/sources_1/imports/project_2/filter_engine.v" into library xil_defaultlib
INFO: [VRFC 10-311] analyzing module filter_engine
INFO: [VRFC 10-2263] Analyzing Verilog file "C:/Users/user/Desktop/HW_SYN_LAB_I_2110363_Final_Project/final_project_320_240/final_project_320_240.srcs/sources_1/imports/project_2/ov7670_capture.v" into library xil_defaultlib
INFO: [VRFC 10-311] analyzing module ov7670_capture
INFO: [VRFC 10-2263] Analyzing Verilog file "C:/Users/user/Desktop/HW_SYN_LAB_I_2110363_Final_Project/final_project_320_240/final_project_320_240.srcs/sources_1/imports/project_2/sccb_master.v" into library xil_defaultlib
INFO: [VRFC 10-311] analyzing module sccb_master
INFO: [VRFC 10-2263] Analyzing Verilog file "C:/Users/user/Desktop/HW_SYN_LAB_I_2110363_Final_Project/final_project_320_240/final_project_320_240.srcs/sources_1/imports/project_2/vga_controller.v" into library xil_defaultlib
INFO: [VRFC 10-311] analyzing module vga_controller
INFO: [VRFC 10-2263] Analyzing Verilog file "C:/Users/user/Desktop/HW_SYN_LAB_I_2110363_Final_Project/final_project_320_240/final_project_320_240.srcs/sources_1/imports/project_2/top_module.v" into library xil_defaultlib
INFO: [VRFC 10-311] analyzing module top_module
INFO: [VRFC 10-2263] Analyzing Verilog file "C:/Users/user/Desktop/HW_SYN_LAB_I_2110363_Final_Project/final_project_320_240/final_project_320_240.sim/sim_1/behav/xsim/glbl.v" into library xil_defaultlib
INFO: [VRFC 10-311] analyzing module glbl
