Copyright 1986-2022 Xilinx, Inc. All Rights Reserved. Copyright 2022-2025 Advanced Micro Devices, Inc. All Rights Reserved.
---------------------------------------------------------------------------------------------------------------------------------------------
| Tool Version : Vivado v.2025.2 (win64) Build 6299465 Fri Nov 14 19:35:11 GMT 2025
| Date         : Wed May 13 20:54:32 2026
| Host         : DESKTOP-0KGRA1B running 64-bit major release  (build 9200)
| Command      : report_control_sets -verbose -file top_module_control_sets_placed.rpt
| Design       : top_module
| Device       : xc7a35t
---------------------------------------------------------------------------------------------------------------------------------------------

Control Set Information

Table of Contents
-----------------
1. Summary
2. Histogram
3. Flip-Flop Distribution
4. Detailed Control Set Information

1. Summary
----------

+----------------------------------------------------------+-------+
|                          Status                          | Count |
+----------------------------------------------------------+-------+
| Total control sets                                       |    21 |
|    Minimum number of control sets                        |    21 |
|    Addition due to synthesis replication                 |     0 |
|    Addition due to physical synthesis replication        |     0 |
| Unused register locations in slices containing registers |    95 |
+----------------------------------------------------------+-------+
* Control sets can be merged at opt_design using control_set_merge or merge_equivalent_drivers
** Run report_qor_suggestions for automated merging and remapping suggestions


2. Histogram
------------

+--------------------+-------+
|       Fanout       | Count |
+--------------------+-------+
| Total control sets |    21 |
| >= 0 to < 4        |     6 |
| >= 4 to < 6        |     0 |
| >= 6 to < 8        |     2 |
| >= 8 to < 10       |     5 |
| >= 10 to < 12      |     3 |
| >= 12 to < 14      |     2 |
| >= 14 to < 16      |     0 |
| >= 16              |     3 |
+--------------------+-------+
* Control sets can be remapped at either synth_design or opt_design


3. Flip-Flop Distribution
-------------------------

+--------------+-----------------------+------------------------+-----------------+--------------+
| Clock Enable | Synchronous Set/Reset | Asynchronous Set/Reset | Total Registers | Total Slices |
+--------------+-----------------------+------------------------+-----------------+--------------+
| No           | No                    | No                     |              15 |            9 |
| No           | No                    | Yes                    |              13 |            6 |
| No           | Yes                   | No                     |              26 |           11 |
| Yes          | No                    | No                     |               9 |            6 |
| Yes          | No                    | Yes                    |              17 |            5 |
| Yes          | Yes                   | No                     |             105 |           38 |
+--------------+-----------------------+------------------------+-----------------+--------------+


4. Detailed Control Set Information
-----------------------------------

+-------------------------+-----------------------------------+-------------------------------+------------------+----------------+--------------+
|       Clock Signal      |           Enable Signal           |        Set/Reset Signal       | Slice Load Count | Bel Load Count | Bels / Slice |
+-------------------------+-----------------------------------+-------------------------------+------------------+----------------+--------------+
|  clk_IBUF_BUFG          |                                   |                               |                1 |              1 |         1.00 |
|  clk_IBUF_BUFG          | sccb/sio_d_i_1_n_0                | btnC_IBUF                     |                1 |              1 |         1.00 |
|  clk_IBUF_BUFG          | sccb/init_ready_i_1_n_0           | btnC_IBUF                     |                1 |              1 |         1.00 |
|  clk_IBUF_BUFG          | sccb/sio_c_i_1_n_0                | btnC_IBUF                     |                1 |              1 |         1.00 |
|  PCLK_IBUF_BUFG         |                                   |                               |                1 |              2 |         2.00 |
|  clock_gen/inst/vga_clk | vga_timing/reg_hsync_i_1_n_0      |                               |                1 |              2 |         2.00 |
|  clk_IBUF_BUFG          |                                   | btnC_IBUF                     |                3 |              7 |         2.33 |
|  PCLK_IBUF_BUFG         | capture_unit/d_latched[7]_i_1_n_0 |                               |                5 |              7 |         1.40 |
|  clk_IBUF_BUFG          | sccb/FSM_onehot_state[7]_i_1_n_0  | btnC_IBUF                     |                3 |              8 |         2.67 |
|  clk_IBUF_BUFG          | sccb/current_byte_1[0]            | btnC_IBUF                     |                5 |              8 |         1.60 |
|  clk_IBUF_BUFG          | sccb/rom_addr[0]                  | btnC_IBUF                     |                2 |              8 |         4.00 |
|  clk_IBUF_BUFG          |                                   | sccb/divcnt[8]_i_1_n_0        |                2 |              9 |         4.50 |
|  PCLK_IBUF_BUFG         | capture_unit/cam_y[0]             | capture_unit/cam_y[0]_i_1_n_0 |                2 |              9 |         4.50 |
|  PCLK_IBUF_BUFG         | capture_unit/cam_x[0]_i_2_n_0     | capture_unit/cam_x[0]_i_1_n_0 |                3 |             10 |         3.33 |
|  clock_gen/inst/vga_clk |                                   | vga_timing/hcount[9]_i_1_n_0  |                6 |             10 |         1.67 |
|  clock_gen/inst/vga_clk | vga_timing/vcount_0[0]            | btnC_IBUF                     |                2 |             10 |         5.00 |
|  clock_gen/inst/vga_clk |                                   |                               |                7 |             12 |         1.71 |
|  clock_gen/inst/vga_clk |                                   | btnC_IBUF                     |                6 |             13 |         2.17 |
|  clock_gen/inst/vga_clk | vga_timing/E[0]                   | btnC_IBUF                     |                5 |             17 |         3.40 |
|  clk_IBUF_BUFG          | sccb/wait_cnt_0[0]                | btnC_IBUF                     |                5 |             20 |         4.00 |
|  PCLK_IBUF_BUFG         | capture_unit/addr[16]_i_1_n_0     | btnC_IBUF                     |               13 |             29 |         2.23 |
+-------------------------+-----------------------------------+-------------------------------+------------------+----------------+--------------+


